<?xml version="1.0" encoding="UTF-8"?>
<coverage generated="1771730189791" clover="3.2.0">
  <project timestamp="1771730189791" name="All files">
    <metrics statements="32" coveredstatements="32" conditionals="33" coveredconditionals="29" methods="13" coveredmethods="13" elements="78" coveredelements="74" complexity="0" loc="32" ncloc="32" packages="3" files="3" classes="3"/>
    <package name="navigation">
      <metrics statements="2" coveredstatements="2" conditionals="2" coveredconditionals="2" methods="2" coveredmethods="2"/>
      <file name="RootNavigator.tsx" path="/Users/levidonaldson/Documents/work/Levanto/levanto-mobile/apps/mobile/src/navigation/RootNavigator.tsx">
        <metrics statements="2" coveredstatements="2" conditionals="2" coveredconditionals="2" methods="2" coveredmethods="2"/>
        <line num="12" count="62" type="stmt"/>
        <line num="14" count="19" type="stmt"/>
      </file>
    </package>
    <package name="screens">
      <metrics statements="23" coveredstatements="23" conditionals="27" coveredconditionals="25" methods="7" coveredmethods="7"/>
      <file name="LoginScreen.tsx" path="/Users/levidonaldson/Documents/work/Levanto/levanto-mobile/apps/mobile/src/screens/LoginScreen.tsx">
        <metrics statements="23" coveredstatements="23" conditionals="27" coveredconditionals="25" methods="7" coveredmethods="7"/>
        <line num="8" count="45" type="stmt"/>
        <line num="12" count="135" type="stmt"/>
        <line num="13" count="44" type="stmt"/>
        <line num="14" count="44" type="stmt"/>
        <line num="15" count="44" type="stmt"/>
        <line num="16" count="44" type="stmt"/>
        <line num="18" count="44" type="stmt"/>
        <line num="19" count="31" type="cond" truecount="2" falsecount="0"/>
        <line num="20" count="16" type="cond" truecount="2" falsecount="0"/>
        <line num="21" count="10" type="stmt"/>
        <line num="24" count="44" type="stmt"/>
        <line num="25" count="21" type="cond" truecount="2" falsecount="0"/>
        <line num="26" count="6" type="stmt"/>
        <line num="30" count="5" type="stmt"/>
        <line num="31" count="5" type="cond" truecount="3" falsecount="1"/>
        <line num="32" count="5" type="stmt"/>
        <line num="34" count="5" type="stmt"/>
        <line num="35" count="5" type="cond" truecount="2" falsecount="0"/>
        <line num="36" count="3" type="stmt"/>
        <line num="38" count="2" type="stmt"/>
        <line num="39" count="2" type="stmt"/>
        <line num="43" count="44" type="stmt"/>
        <line num="95" count="1" type="stmt"/>
      </file>
    </package>
    <package name="store">
      <metrics statements="7" coveredstatements="7" conditionals="4" coveredconditionals="2" methods="4" coveredmethods="4"/>
      <file name="authStore.ts" path="/Users/levidonaldson/Documents/work/Levanto/levanto-mobile/apps/mobile/src/store/authStore.ts">
        <metrics statements="7" coveredstatements="7" conditionals="4" coveredconditionals="2" methods="4" coveredmethods="4"/>
        <line num="14" count="3" type="stmt"/>
        <line num="15" count="3" type="stmt"/>
        <line num="20" count="20" type="stmt"/>
        <line num="22" count="46" type="stmt"/>
        <line num="27" count="3" type="cond" truecount="1" falsecount="1"/>
        <line num="34" count="3" type="cond" truecount="1" falsecount="1"/>
        <line num="35" count="3" type="stmt"/>
      </file>
    </package>
  </project>
</coverage>
