{"/Users/levidonaldson/Documents/work/Levanto/levanto-mobile/apps/mobile/src/navigation/RootNavigator.tsx": {"path":"/Users/levidonaldson/Documents/work/Levanto/levanto-mobile/apps/mobile/src/navigation/RootNavigator.tsx","statementMap":{"0":{"start":{"line":12,"column":26},"end":{"line":12,"column":64}},"1":{"start":{"line":12,"column":46},"end":{"line":12,"column":63}},"2":{"start":{"line":14,"column":2},"end":{"line":18,"column":4}}},"fnMap":{"0":{"name":"RootNavigator","decl":{"start":{"line":11,"column":16},"end":{"line":11,"column":29}},"loc":{"start":{"line":11,"column":63},"end":{"line":19,"column":1}},"line":11},"1":{"name":"(anonymous_1)","decl":{"start":{"line":12,"column":39},"end":{"line":12,"column":40}},"loc":{"start":{"line":12,"column":46},"end":{"line":12,"column":63}},"line":12}},"branchMap":{"0":{"loc":{"start":{"line":16,"column":7},"end":{"line":16,"column":59}},"type":"cond-expr","locations":[{"start":{"line":16,"column":25},"end":{"line":16,"column":41}},{"start":{"line":16,"column":44},"end":{"line":16,"column":59}}],"line":16}},"s":{"0":19,"1":62,"2":19},"f":{"0":19,"1":62},"b":{"0":[9,10]},"_coverageSchema":"1a1c01bbd47fc00a2c39e90264f33305004495a9","hash":"042cd37e672796d0192f5ffb9e95ff360da1a632"}
,"/Users/levidonaldson/Documents/work/Levanto/levanto-mobile/apps/mobile/src/screens/LoginScreen.tsx": {"path":"/Users/levidonaldson/Documents/work/Levanto/levanto-mobile/apps/mobile/src/screens/LoginScreen.tsx","statementMap":{"0":{"start":{"line":8,"column":2},"end":{"line":8,"column":33}},"1":{"start":{"line":12,"column":16},"end":{"line":12,"column":44}},"2":{"start":{"line":12,"column":36},"end":{"line":12,"column":43}},"3":{"start":{"line":13,"column":28},"end":{"line":13,"column":40}},"4":{"start":{"line":14,"column":34},"end":{"line":14,"column":46}},"5":{"start":{"line":15,"column":38},"end":{"line":15,"column":53}},"6":{"start":{"line":16,"column":28},"end":{"line":16,"column":57}},"7":{"start":{"line":18,"column":21},"end":{"line":22,"column":13}},"8":{"start":{"line":19,"column":4},"end":{"line":19,"column":43}},"9":{"start":{"line":19,"column":16},"end":{"line":19,"column":43}},"10":{"start":{"line":20,"column":4},"end":{"line":20,"column":59}},"11":{"start":{"line":20,"column":30},"end":{"line":20,"column":59}},"12":{"start":{"line":21,"column":4},"end":{"line":21,"column":21}},"13":{"start":{"line":24,"column":24},"end":{"line":27,"column":16}},"14":{"start":{"line":25,"column":4},"end":{"line":25,"column":49}},"15":{"start":{"line":25,"column":19},"end":{"line":25,"column":49}},"16":{"start":{"line":26,"column":4},"end":{"line":26,"column":21}},"17":{"start":{"line":30,"column":4},"end":{"line":30,"column":19}},"18":{"start":{"line":31,"column":4},"end":{"line":31,"column":44}},"19":{"start":{"line":31,"column":37},"end":{"line":31,"column":44}},"20":{"start":{"line":32,"column":4},"end":{"line":32,"column":24}},"21":{"start":{"line":34,"column":4},"end":{"line":34,"column":49}},"22":{"start":{"line":34,"column":29},"end":{"line":34,"column":47}},"23":{"start":{"line":35,"column":4},"end":{"line":40,"column":5}},"24":{"start":{"line":36,"column":6},"end":{"line":36,"column":39}},"25":{"start":{"line":38,"column":6},"end":{"line":38,"column":38}},"26":{"start":{"line":39,"column":6},"end":{"line":39,"column":27}},"27":{"start":{"line":43,"column":2},"end":{"line":92,"column":4}},"28":{"start":{"line":95,"column":15},"end":{"line":108,"column":2}}},"fnMap":{"0":{"name":"isValidEmail","decl":{"start":{"line":7,"column":9},"end":{"line":7,"column":21}},"loc":{"start":{"line":7,"column":46},"end":{"line":9,"column":1}},"line":7},"1":{"name":"LoginScreen","decl":{"start":{"line":11,"column":16},"end":{"line":11,"column":27}},"loc":{"start":{"line":11,"column":30},"end":{"line":93,"column":1}},"line":11},"2":{"name":"(anonymous_2)","decl":{"start":{"line":12,"column":29},"end":{"line":12,"column":30}},"loc":{"start":{"line":12,"column":36},"end":{"line":12,"column":43}},"line":12},"3":{"name":"(anonymous_3)","decl":{"start":{"line":18,"column":29},"end":{"line":18,"column":30}},"loc":{"start":{"line":18,"column":35},"end":{"line":22,"column":3}},"line":18},"4":{"name":"(anonymous_4)","decl":{"start":{"line":24,"column":32},"end":{"line":24,"column":33}},"loc":{"start":{"line":24,"column":38},"end":{"line":27,"column":3}},"line":24},"5":{"name":"onSubmit","decl":{"start":{"line":29,"column":17},"end":{"line":29,"column":25}},"loc":{"start":{"line":29,"column":28},"end":{"line":41,"column":3}},"line":29},"6":{"name":"(anonymous_6)","decl":{"start":{"line":34,"column":22},"end":{"line":34,"column":23}},"loc":{"start":{"line":34,"column":29},"end":{"line":34,"column":47}},"line":34}},"branchMap":{"0":{"loc":{"start":{"line":19,"column":4},"end":{"line":19,"column":43}},"type":"if","locations":[{"start":{"line":19,"column":4},"end":{"line":19,"column":43}},{"start":{},"end":{}}],"line":19},"1":{"loc":{"start":{"line":20,"column":4},"end":{"line":20,"column":59}},"type":"if","locations":[{"start":{"line":20,"column":4},"end":{"line":20,"column":59}},{"start":{},"end":{}}],"line":20},"2":{"loc":{"start":{"line":25,"column":4},"end":{"line":25,"column":49}},"type":"if","locations":[{"start":{"line":25,"column":4},"end":{"line":25,"column":49}},{"start":{},"end":{}}],"line":25},"3":{"loc":{"start":{"line":31,"column":4},"end":{"line":31,"column":44}},"type":"if","locations":[{"start":{"line":31,"column":4},"end":{"line":31,"column":44}},{"start":{},"end":{}}],"line":31},"4":{"loc":{"start":{"line":31,"column":8},"end":{"line":31,"column":35}},"type":"binary-expr","locations":[{"start":{"line":31,"column":8},"end":{"line":31,"column":18}},{"start":{"line":31,"column":22},"end":{"line":31,"column":35}}],"line":31},"5":{"loc":{"start":{"line":35,"column":4},"end":{"line":40,"column":5}},"type":"if","locations":[{"start":{"line":35,"column":4},"end":{"line":40,"column":5}},{"start":{"line":37,"column":11},"end":{"line":40,"column":5}}],"line":35},"6":{"loc":{"start":{"line":48,"column":25},"end":{"line":48,"column":55}},"type":"cond-expr","locations":[{"start":{"line":48,"column":49},"end":{"line":48,"column":51}},{"start":{"line":48,"column":54},"end":{"line":48,"column":55}}],"line":48},"7":{"loc":{"start":{"line":66,"column":17},"end":{"line":66,"column":94}},"type":"cond-expr","locations":[{"start":{"line":66,"column":26},"end":{"line":66,"column":81}},{"start":{"line":66,"column":85},"end":{"line":66,"column":94}}],"line":66},"8":{"loc":{"start":{"line":66,"column":26},"end":{"line":66,"column":81}},"type":"cond-expr","locations":[{"start":{"line":66,"column":48},"end":{"line":66,"column":57}},{"start":{"line":66,"column":60},"end":{"line":66,"column":81}}],"line":66},"9":{"loc":{"start":{"line":73,"column":17},"end":{"line":73,"column":63}},"type":"cond-expr","locations":[{"start":{"line":73,"column":29},"end":{"line":73,"column":51}},{"start":{"line":73,"column":54},"end":{"line":73,"column":63}}],"line":73},"10":{"loc":{"start":{"line":76,"column":9},"end":{"line":80,"column":9}},"type":"binary-expr","locations":[{"start":{"line":76,"column":9},"end":{"line":76,"column":14}},{"start":{"line":77,"column":10},"end":{"line":79,"column":17}}],"line":76},"11":{"loc":{"start":{"line":82,"column":47},"end":{"line":82,"column":92}},"type":"binary-expr","locations":[{"start":{"line":82,"column":47},"end":{"line":82,"column":57}},{"start":{"line":82,"column":61},"end":{"line":82,"column":73}},{"start":{"line":82,"column":77},"end":{"line":82,"column":92}}],"line":82},"12":{"loc":{"start":{"line":83,"column":13},"end":{"line":83,"column":51}},"type":"cond-expr","locations":[{"start":{"line":83,"column":26},"end":{"line":83,"column":39}},{"start":{"line":83,"column":42},"end":{"line":83,"column":51}}],"line":83}},"s":{"0":45,"1":44,"2":135,"3":44,"4":44,"5":44,"6":44,"7":44,"8":31,"9":15,"10":16,"11":6,"12":10,"13":44,"14":21,"15":15,"16":6,"17":5,"18":5,"19":0,"20":5,"21":5,"22":5,"23":5,"24":3,"25":2,"26":2,"27":44,"28":1},"f":{"0":45,"1":44,"2":135,"3":31,"4":21,"5":5,"6":5},"b":{"0":[15,16],"1":[6,10],"2":[15,6],"3":[0,5],"4":[5,5],"5":[3,2],"6":[44,0],"7":[29,15],"8":[22,7],"9":[31,13],"10":[44,3],"11":[44,39,17],"12":[5,39]},"_coverageSchema":"1a1c01bbd47fc00a2c39e90264f33305004495a9","hash":"ddbc8d51229541b0e4dfa1bc1ae0061f6b093d41"}
,"/Users/levidonaldson/Documents/work/Levanto/levanto-mobile/apps/mobile/src/store/authStore.ts": {"path":"/Users/levidonaldson/Documents/work/Levanto/levanto-mobile/apps/mobile/src/store/authStore.ts","statementMap":{"0":{"start":{"line":14,"column":28},"end":{"line":31,"column":1}},"1":{"start":{"line":15,"column":14},"end":{"line":23,"column":5}},"2":{"start":{"line":20,"column":8},"end":{"line":20,"column":57}},"3":{"start":{"line":22,"column":8},"end":{"line":22,"column":70}},"4":{"start":{"line":27,"column":8},"end":{"line":27,"column":59}},"5":{"start":{"line":34,"column":0},"end":{"line":36,"column":1}},"6":{"start":{"line":35,"column":2},"end":{"line":35,"column":59}}},"fnMap":{"0":{"name":"(anonymous_0)","decl":{"start":{"line":15,"column":4},"end":{"line":15,"column":5}},"loc":{"start":{"line":15,"column":14},"end":{"line":23,"column":5}},"line":15},"1":{"name":"(anonymous_1)","decl":{"start":{"line":19,"column":13},"end":{"line":19,"column":14}},"loc":{"start":{"line":20,"column":8},"end":{"line":20,"column":57}},"line":20},"2":{"name":"(anonymous_2)","decl":{"start":{"line":21,"column":14},"end":{"line":21,"column":15}},"loc":{"start":{"line":22,"column":8},"end":{"line":22,"column":70}},"line":22},"3":{"name":"(anonymous_3)","decl":{"start":{"line":26,"column":33},"end":{"line":26,"column":34}},"loc":{"start":{"line":27,"column":8},"end":{"line":27,"column":59}},"line":27}},"branchMap":{"0":{"loc":{"start":{"line":27,"column":8},"end":{"line":27,"column":59}},"type":"cond-expr","locations":[{"start":{"line":27,"column":32},"end":{"line":27,"column":44}},{"start":{"line":27,"column":47},"end":{"line":27,"column":59}}],"line":27},"1":{"loc":{"start":{"line":34,"column":0},"end":{"line":36,"column":1}},"type":"if","locations":[{"start":{"line":34,"column":0},"end":{"line":36,"column":1}},{"start":{},"end":{}}],"line":34}},"s":{"0":3,"1":3,"2":20,"3":46,"4":3,"5":3,"6":3},"f":{"0":3,"1":20,"2":46,"3":3},"b":{"0":[0,3],"1":[3,0]},"_coverageSchema":"1a1c01bbd47fc00a2c39e90264f33305004495a9","hash":"fe08312aeb74acd95618ba457ee19a5f53e2fa28"}
}
