TN:
SF:src/navigation/RootNavigator.tsx
FN:11,RootNavigator
FN:12,(anonymous_1)
FNF:2
FNH:2
FNDA:19,RootNavigator
FNDA:62,(anonymous_1)
DA:12,62
DA:14,19
LF:2
LH:2
BRDA:16,0,0,9
BRDA:16,0,1,10
BRF:2
BRH:2
end_of_record
TN:
SF:src/screens/LoginScreen.tsx
FN:7,isValidEmail
FN:11,LoginScreen
FN:12,(anonymous_2)
FN:18,(anonymous_3)
FN:24,(anonymous_4)
FN:29,onSubmit
FN:34,(anonymous_6)
FNF:7
FNH:7
FNDA:45,isValidEmail
FNDA:44,LoginScreen
FNDA:135,(anonymous_2)
FNDA:31,(anonymous_3)
FNDA:21,(anonymous_4)
FNDA:5,onSubmit
FNDA:5,(anonymous_6)
DA:8,45
DA:12,135
DA:13,44
DA:14,44
DA:15,44
DA:16,44
DA:18,44
DA:19,31
DA:20,16
DA:21,10
DA:24,44
DA:25,21
DA:26,6
DA:30,5
DA:31,5
DA:32,5
DA:34,5
DA:35,5
DA:36,3
DA:38,2
DA:39,2
DA:43,44
DA:95,1
LF:23
LH:23
BRDA:19,0,0,15
BRDA:19,0,1,16
BRDA:20,1,0,6
BRDA:20,1,1,10
BRDA:25,2,0,15
BRDA:25,2,1,6
BRDA:31,3,0,0
BRDA:31,3,1,5
BRDA:31,4,0,5
BRDA:31,4,1,5
BRDA:35,5,0,3
BRDA:35,5,1,2
BRDA:48,6,0,44
BRDA:48,6,1,0
BRDA:66,7,0,29
BRDA:66,7,1,15
BRDA:66,8,0,22
BRDA:66,8,1,7
BRDA:73,9,0,31
BRDA:73,9,1,13
BRDA:76,10,0,44
BRDA:76,10,1,3
BRDA:82,11,0,44
BRDA:82,11,1,39
BRDA:82,11,2,17
BRDA:83,12,0,5
BRDA:83,12,1,39
BRF:27
BRH:25
end_of_record
TN:
SF:src/store/authStore.ts
FN:15,(anonymous_0)
FN:19,(anonymous_1)
FN:21,(anonymous_2)
FN:26,(anonymous_3)
FNF:4
FNH:4
FNDA:3,(anonymous_0)
FNDA:20,(anonymous_1)
FNDA:46,(anonymous_2)
FNDA:3,(anonymous_3)
DA:14,3
DA:15,3
DA:20,20
DA:22,46
DA:27,3
DA:34,3
DA:35,3
LF:7
LH:7
BRDA:27,0,0,0
BRDA:27,0,1,3
BRDA:34,1,0,3
BRDA:34,1,1,0
BRF:4
BRH:2
end_of_record
